nohup: ignoring input
[NbConvertApp] Converting notebook analysis_oxathiazines_11bHSD.ipynb to notebook
[NbConvertApp] Executing notebook with kernel: env_ad4ai_analysis
[NbConvertApp] Writing 9667699 bytes to analysis_oxathiazines_11bHSD.nbconvert.ipynb
[NbConvertApp] Converting notebook analysis_full_11bHSD.ipynb to notebook
[NbConvertApp] Executing notebook with kernel: env_ad4ai_analysis
[NbConvertApp] Writing 9904352 bytes to analysis_full_11bHSD.nbconvert.ipynb
[NbConvertApp] Converting notebook analysis_chembl_11bHSD.ipynb to notebook
[NbConvertApp] Executing notebook with kernel: env_ad4ai_analysis
[NbConvertApp] Writing 9656260 bytes to analysis_chembl_11bHSD.nbconvert.ipynb
[NbConvertApp] Converting notebook analysis_renin.ipynb to notebook
[NbConvertApp] Executing notebook with kernel: env_ad4ai_analysis
[NbConvertApp] Writing 10826011 bytes to analysis_renin.nbconvert.ipynb
[NbConvertApp] Converting notebook analysis_jak2.ipynb to notebook
[NbConvertApp] Executing notebook with kernel: env_ad4ai_analysis
[NbConvertApp] Writing 11011706 bytes to analysis_jak2.nbconvert.ipynb
[NbConvertApp] Converting notebook analysis_jak2_smiles_ga.ipynb to notebook
[NbConvertApp] Executing notebook with kernel: env_ad4ai_analysis
[NbConvertApp] Writing 8444795 bytes to analysis_jak2_smiles_ga.nbconvert.ipynb
[NbConvertApp] Converting notebook analysis_jak2_graph_ga.ipynb to notebook
[NbConvertApp] Executing notebook with kernel: env_ad4ai_analysis
[NbConvertApp] Writing 9826740 bytes to analysis_jak2_graph_ga.nbconvert.ipynb
[NbConvertApp] Converting notebook analysis_ureas_11bHSD.ipynb to notebook
[NbConvertApp] Executing notebook with kernel: env_ad4ai_analysis
[NbConvertApp] Writing 9828371 bytes to analysis_ureas_11bHSD.nbconvert.ipynb
